[02:35:57] [main/INFO]: Setting user: AnDwHaT5
[02:36:02] [main/WARN]: Skipping bad option: lastServer:
[02:36:02] [main/INFO]: LWJGL Version: 2.9.4
[02:36:09] [main/INFO]: Reloading ResourceManager: Default, FMLFileResourcePack:Forge Mod Loader, FMLFileResourcePack:Minecraft Forge, FMLFileResourcePack:AGP, FMLFileResourcePack:Pixelmon
[02:36:17] [main/WARN]: File pixelmon:sounds/pixelmon/bulbasaurm14.ogg does not exist, cannot add it to event pixelmon:pixelmon.mob.bulbasaurm
[02:36:17] [Sound Library Loader/INFO]: Starting up SoundSystem...
[02:36:17] [Thread-6/INFO]: Initializing LWJGL OpenAL
[02:36:17] [Thread-6/INFO]: (The LWJGL binding of OpenAL.  For more information, see http://www.lwjgl.org)
[02:36:17] [Thread-6/INFO]: OpenAL initialized.
[02:36:17] [Sound Library Loader/INFO]: Sound engine started
[02:36:24] [main/INFO]: Created: 4096x2048 textures-atlas
[02:36:41] [main/WARN]: Skipping bad option: lastServer:
[02:36:41] [main/INFO]: Narrator library for x64 successfully loaded
[02:36:42] [Realms Notification Availability checker #1/INFO]: Could not authorize you against Realms server: Invalid session id
[02:36:50] [Server thread/INFO]: Starting integrated minecraft server version 1.12.2
[02:36:50] [Server thread/INFO]: Generating keypair
[02:36:51] [Server thread/INFO]: Loaded 488 advancements
[02:36:51] [Server thread/INFO]: Preparing start region for level 0
[02:36:53] [Server thread/INFO]: Preparing spawn area: 34%
[02:36:54] [Server thread/INFO]: Changing view distance to 12, from 10
[02:36:55] [Server thread/INFO]: AnDwHaT5[local:E:980581e7] logged in with entity id 15 at (-66.96518773245724, 79.0, 21.40874084177378)
[02:36:55] [Server thread/INFO]: AnDwHaT5 joined the game
[02:36:58] [Server thread/INFO]: Saving and pausing game...
[02:36:58] [Server thread/INFO]: Saving chunks for level 'New World'/overworld
[02:36:58] [Server thread/INFO]: Saving chunks for level 'New World'/the_nether
[02:36:58] [Server thread/INFO]: Saving chunks for level 'New World'/the_end
[02:36:58] [Server thread/WARN]: Can't keep up! Did the system time change, or is the server overloaded? Running 3165ms behind, skipping 63 tick(s)
[02:36:58] [main/INFO]: [CHAT] §b?AGP Dev? §nAnDwHaT5§r§b has joined.
[02:36:59] [pool-2-thread-1/WARN]: Couldn't look up profile properties for com.mojang.authlib.GameProfile@5ea47a69[id=c4ba0746-f383-31aa-840e-eafa3c9e15e1,name=AnDwHaT5,properties={},legacy=false]
com.mojang.authlib.exceptions.AuthenticationException: The client has sent too many requests within a certain amount of time
	at com.mojang.authlib.yggdrasil.YggdrasilAuthenticationService.makeRequest(YggdrasilAuthenticationService.java:79) ~[YggdrasilAuthenticationService.class:?]
	at com.mojang.authlib.yggdrasil.YggdrasilMinecraftSessionService.fillGameProfile(YggdrasilMinecraftSessionService.java:180) [YggdrasilMinecraftSessionService.class:?]
	at com.mojang.authlib.yggdrasil.YggdrasilMinecraftSessionService$1.load(YggdrasilMinecraftSessionService.java:60) [YggdrasilMinecraftSessionService$1.class:?]
	at com.mojang.authlib.yggdrasil.YggdrasilMinecraftSessionService$1.load(YggdrasilMinecraftSessionService.java:57) [YggdrasilMinecraftSessionService$1.class:?]
	at com.google.common.cache.LocalCache$LoadingValueReference.loadFuture(LocalCache.java:3716) [guava-21.0.jar:?]
	at com.google.common.cache.LocalCache$Segment.loadSync(LocalCache.java:2424) [guava-21.0.jar:?]
	at com.google.common.cache.LocalCache$Segment.lockedGetOrLoad(LocalCache.java:2298) [guava-21.0.jar:?]
	at com.google.common.cache.LocalCache$Segment.get(LocalCache.java:2211) [guava-21.0.jar:?]
	at com.google.common.cache.LocalCache.get(LocalCache.java:4154) [guava-21.0.jar:?]
	at com.google.common.cache.LocalCache.getOrLoad(LocalCache.java:4158) [guava-21.0.jar:?]
	at com.google.common.cache.LocalCache$LocalLoadingCache.get(LocalCache.java:5147) [guava-21.0.jar:?]
	at com.google.common.cache.LocalCache$LocalLoadingCache.getUnchecked(LocalCache.java:5153) [guava-21.0.jar:?]
	at com.mojang.authlib.yggdrasil.YggdrasilMinecraftSessionService.fillProfileProperties(YggdrasilMinecraftSessionService.java:170) [YggdrasilMinecraftSessionService.class:?]
	at net.minecraft.client.Minecraft.getProfileProperties(Minecraft.java:3190) [Minecraft.class:?]
	at net.minecraft.client.resources.SkinManager$3.run(SkinManager.java:138) [SkinManager$3.class:?]
	at java.util.concurrent.Executors$RunnableAdapter.call(Unknown Source) [?:1.8.0_111]
	at java.util.concurrent.FutureTask.run(Unknown Source) [?:1.8.0_111]
	at java.util.concurrent.ThreadPoolExecutor.runWorker(Unknown Source) [?:1.8.0_111]
	at java.util.concurrent.ThreadPoolExecutor$Worker.run(Unknown Source) [?:1.8.0_111]
	at java.lang.Thread.run(Unknown Source) [?:1.8.0_111]
[02:37:15] [main/INFO]: [CHAT] §f[§dAGP§f] §7Successfully gave §bAnDwHaT5 §7the §bWater §7Gym's badge!
[02:37:15] [main/INFO]: [CHAT] §f[§dAGP§f] §7Congratulations, you defeated the §bWater §7Gym!
[02:37:15] [main/INFO]: [CHAT] §f[§dAGP§f] §7Challenger §bAnDwHaT5 §7has beat the §bWater §7Gym!
