#
# There is insufficient memory for the Java Runtime Environment to continue.
# Native memory allocation (malloc) failed to allocate 1035536 bytes for Chunk::new
# Possible reasons:
#   The system is out of physical RAM or swap space
#   In 32 bit mode, the process size limit was hit
# Possible solutions:
#   Reduce memory load on the system
#   Increase physical memory or swap space
#   Check if swap backing store is full
#   Use 64 bit Java on a 64 bit OS
#   Decrease Java heap size (-Xmx/-Xms)
#   Decrease number of Java threads
#   Decrease Java thread stack sizes (-Xss)
#   Set larger code cache with -XX:ReservedCodeCacheSize=
# This output file may be truncated or incomplete.
#
#  Out of Memory Error (allocation.cpp:390), pid=14704, tid=0x0000000000001db4
#
# JRE version: Java(TM) SE Runtime Environment (8.0_111-b14) (build 1.8.0_111-b14)
# Java VM: Java HotSpot(TM) 64-Bit Server VM (25.111-b14 mixed mode windows-amd64 compressed oops)
# Failed to write core dump. Minidumps are not enabled by default on client versions of Windows
#

---------------  T H R E A D  ---------------

Current thread (0x000000001ffd5000):  JavaThread "C2 CompilerThread1" daemon [_thread_in_native, id=7604, stack(0x0000000020990000,0x0000000020a90000)]

Stack: [0x0000000020990000,0x0000000020a90000]
[error occurred during error reporting (printing stack bounds), id 0xc0000005]

Native frames: (J=compiled Java code, j=interpreted, Vv=VM code, C=native code)


Current CompileTask:
C2:  44734 8394   !   4       net.minecraft.launchwrapper.LaunchClassLoader::findClass (695 bytes)


---------------  P R O C E S S  ---------------

Java Threads: ( => current thread )
  0x00000000251e5800 JavaThread "Thread-7" [_thread_blocked, id=9936, stack(0x0000000035970000,0x0000000035a70000)]
  0x0000000027205800 JavaThread "Thread-6" [_thread_blocked, id=7076, stack(0x0000000035870000,0x0000000035970000)]
  0x0000000028ef2800 JavaThread "H2 Log Writer PIXELMON2" daemon [_thread_blocked, id=4184, stack(0x0000000034e00000,0x0000000034f00000)]
  0x0000000022388800 JavaThread "Abandoned connection cleanup thread" daemon [_thread_blocked, id=1004, stack(0x0000000034d00000,0x0000000034e00000)]
  0x0000000025637800 JavaThread "LWJGL Timer" daemon [_thread_blocked, id=19400, stack(0x0000000034300000,0x0000000034400000)]
  0x0000000025212800 JavaThread "Thread-3" [_thread_blocked, id=20784, stack(0x0000000033980000,0x0000000033a80000)]
  0x0000000026696800 JavaThread "Java2D Disposer" daemon [_thread_blocked, id=18944, stack(0x00000000284f0000,0x00000000285f0000)]
  0x00000000267c4000 JavaThread "Timer hack thread" daemon [_thread_blocked, id=9688, stack(0x00000000269d0000,0x0000000026ad0000)]
  0x00000000237af000 JavaThread "Snooper Timer" daemon [_thread_blocked, id=21496, stack(0x0000000024660000,0x0000000024760000)]
  0x0000000020063000 JavaThread "Service Thread" daemon [_thread_blocked, id=21132, stack(0x0000000020c90000,0x0000000020d90000)]
  0x000000001ffde000 JavaThread "C1 CompilerThread3" daemon [_thread_blocked, id=19200, stack(0x0000000020b90000,0x0000000020c90000)]
  0x000000001ffd8000 JavaThread "C2 CompilerThread2" daemon [_thread_blocked, id=21192, stack(0x0000000020a90000,0x0000000020b90000)]
=>0x000000001ffd5000 JavaThread "C2 CompilerThread1" daemon [_thread_in_native, id=7604, stack(0x0000000020990000,0x0000000020a90000)]
  0x000000001ffd0000 JavaThread "C2 CompilerThread0" daemon [_thread_blocked, id=20752, stack(0x0000000020890000,0x0000000020990000)]
  0x000000001ffce800 JavaThread "Attach Listener" daemon [_thread_blocked, id=14524, stack(0x0000000020790000,0x0000000020890000)]
  0x000000001ffcd000 JavaThread "Signal Dispatcher" daemon [_thread_blocked, id=11124, stack(0x0000000020690000,0x0000000020790000)]
  0x000000001ffc0800 JavaThread "Finalizer" daemon [_thread_blocked, id=12460, stack(0x00000000203a0000,0x00000000204a0000)]
  0x000000000460b000 JavaThread "Reference Handler" daemon [_thread_blocked, id=19780, stack(0x000000001fea0000,0x000000001ffa0000)]
  0x0000000004515000 JavaThread "Client thread" [_thread_in_native, id=5308, stack(0x0000000004410000,0x0000000004510000)]

Other Threads:
  0x000000001e0b9800 VMThread [stack: 0x000000001fda0000,0x000000001fea0000] [id=14676]
  0x0000000020082800 WatcherThread [stack: 0x0000000020d90000,0x0000000020e90000] [id=16076]

VM state:not at safepoint (normal execution)

VM Mutex/Monitor currently owned by a thread: None

Heap:
 PSYoungGen      total 1154048K, used 947969K [0x000000076b180000, 0x00000007b8680000, 0x00000007c0000000)
  eden space 1079296K, 80% used [0x000000076b180000,0x00000007a0643b30,0x00000007acf80000)
  from space 74752K, 99% used [0x00000007b2f80000,0x00000007b787cb70,0x00000007b7880000)
  to   space 93696K, 0% used [0x00000007acf80000,0x00000007acf80000,0x00000007b2b00000)
 ParOldGen       total 313344K, used 169167K [0x00000006c1400000, 0x00000006d4600000, 0x000000076b180000)
  object space 313344K, 53% used [0x00000006c1400000,0x00000006cb933c28,0x00000006d4600000)
 Metaspace       used 59686K, capacity 60331K, committed 60928K, reserved 1101824K
  class space    used 7962K, capacity 8179K, committed 8192K, reserved 1048576K

Card table byte_map: [0x00000000139d0000,0x00000000141d0000] byte_map_base: 0x00000000103c6000

Marking Bits: (ParMarkBitMap*) 0x000000006ccca6c0
 Begin Bits: [0x0000000014f20000, 0x0000000018ed0000)
 End Bits:   [0x0000000018ed0000, 0x000000001ce80000)

Polling page: 0x0000000002ac0000

CodeCache: size=245760Kb used=23190Kb max_used=23201Kb free=222569Kb
 bounds [0x0000000004610000, 0x0000000005ce0000, 0x0000000013610000]
 total_blobs=7208 nmethods=6321 adapters=799
 compilation: enabled

Compilation events (10 events):
Event: 44.703 Thread 0x000000001ffde000 8404       3       jdk.internal.org.objectweb.asm.AnnotationVisitor::<init> (35 bytes)
Event: 44.703 Thread 0x000000001ffde000 nmethod 8404 0x0000000005cd4990 code [0x0000000005cd4b00, 0x0000000005cd4e08]
Event: 44.703 Thread 0x000000001ffde000 8407       3       jdk.internal.org.objectweb.asm.MethodWriter::visitCode (1 bytes)
Event: 44.704 Thread 0x000000001ffde000 nmethod 8407 0x0000000005cd4f10 code [0x0000000005cd5060, 0x0000000005cd51b0]
Event: 44.709 Thread 0x000000001ffde000 8408       3       java.lang.ref.SoftReference::<init> (14 bytes)
Event: 44.710 Thread 0x000000001ffde000 nmethod 8408 0x0000000005cd5210 code [0x0000000005cd5380, 0x0000000005cd5650]
Event: 44.710 Thread 0x000000001ffd8000 8409       4       java.lang.String::valueOf (14 bytes)
Event: 44.710 Thread 0x000000001ffde000 8410       1       java.lang.StackTraceElement::getClassName (5 bytes)
Event: 44.710 Thread 0x000000001ffde000 nmethod 8410 0x0000000005cd5750 code [0x0000000005cd58a0, 0x0000000005cd59b0]
Event: 44.710 Thread 0x000000001ffd8000 nmethod 8409 0x0000000005cd8690 code [0x0000000005cd87c0, 0x0000000005cd8838]

GC Heap History (10 events):
Event: 17.580 GC heap before
{Heap before GC invocations=13 (full 2):
 PSYoungGen      total 693760K, used 681831K [0x000000076b180000, 0x000000079fe00000, 0x00000007c0000000)
  eden space 655872K, 98% used [0x000000076b180000,0x000000079265cd08,0x0000000793200000)
  from space 37888K, 99% used [0x000000079d900000,0x000000079fdfd280,0x000000079fe00000)
  to   space 43008K, 0% used [0x000000079aa00000,0x000000079aa00000,0x000000079d400000)
 ParOldGen       total 160256K, used 55509K [0x00000006c1400000, 0x00000006cb080000, 0x000000076b180000)
  object space 160256K, 34% used [0x00000006c1400000,0x00000006c4a35458,0x00000006cb080000)
 Metaspace       used 36265K, capacity 36593K, committed 36980K, reserved 1081344K
  class space    used 4891K, capacity 5034K, committed 5120K, reserved 1048576K
Event: 17.646 GC heap after
Heap after GC invocations=13 (full 2):
 PSYoungGen      total 821760K, used 42988K [0x000000076b180000, 0x00000007a9680000, 0x00000007c0000000)
  eden space 778752K, 0% used [0x000000076b180000,0x000000076b180000,0x000000079aa00000)
  from space 43008K, 99% used [0x000000079aa00000,0x000000079d3fb0a0,0x000000079d400000)
  to   space 69632K, 0% used [0x00000007a5280000,0x00000007a5280000,0x00000007a9680000)
 ParOldGen       total 160256K, used 113356K [0x00000006c1400000, 0x00000006cb080000, 0x000000076b180000)
  object space 160256K, 70% used [0x00000006c1400000,0x00000006c82b33d0,0x00000006cb080000)
 Metaspace       used 36265K, capacity 36593K, committed 36980K, reserved 1081344K
  class space    used 4891K, capacity 5034K, committed 5120K, reserved 1048576K
}
Event: 17.646 GC heap before
{Heap before GC invocations=14 (full 3):
 PSYoungGen      total 821760K, used 42988K [0x000000076b180000, 0x00000007a9680000, 0x00000007c0000000)
  eden space 778752K, 0% used [0x000000076b180000,0x000000076b180000,0x000000079aa00000)
  from space 43008K, 99% used [0x000000079aa00000,0x000000079d3fb0a0,0x000000079d400000)
  to   space 69632K, 0% used [0x00000007a5280000,0x00000007a5280000,0x00000007a9680000)
 ParOldGen       total 160256K, used 113356K [0x00000006c1400000, 0x00000006cb080000, 0x000000076b180000)
  object space 160256K, 70% used [0x00000006c1400000,0x00000006c82b33d0,0x00000006cb080000)
 Metaspace       used 36265K, capacity 36593K, committed 36980K, reserved 1081344K
  class space    used 4891K, capacity 5034K, committed 5120K, reserved 1048576K
Event: 17.980 GC heap after
Heap after GC invocations=14 (full 3):
 PSYoungGen      total 821760K, used 0K [0x000000076b180000, 0x00000007a9680000, 0x00000007c0000000)
  eden space 778752K, 0% used [0x000000076b180000,0x000000076b180000,0x000000079aa00000)
  from space 43008K, 0% used [0x000000079aa00000,0x000000079aa00000,0x000000079d400000)
  to   space 69632K, 0% used [0x00000007a5280000,0x00000007a5280000,0x00000007a9680000)
 ParOldGen       total 313344K, used 146248K [0x00000006c1400000, 0x00000006d4600000, 0x000000076b180000)
  object space 313344K, 46% used [0x00000006c1400000,0x00000006ca2d21f0,0x00000006d4600000)
 Metaspace       used 36265K, capacity 36593K, committed 36980K, reserved 1081344K
  class space    used 4891K, capacity 5034K, committed 5120K, reserved 1048576K
}
Event: 22.417 GC heap before
{Heap before GC invocations=15 (full 3):
 PSYoungGen      total 821760K, used 778752K [0x000000076b180000, 0x00000007a9680000, 0x00000007c0000000)
  eden space 778752K, 100% used [0x000000076b180000,0x000000079aa00000,0x000000079aa00000)
  from space 43008K, 0% used [0x000000079aa00000,0x000000079aa00000,0x000000079d400000)
  to   space 69632K, 0% used [0x00000007a5280000,0x00000007a5280000,0x00000007a9680000)
 ParOldGen       total 313344K, used 146248K [0x00000006c1400000, 0x00000006d4600000, 0x000000076b180000)
  object space 313344K, 46% used [0x00000006c1400000,0x00000006ca2d21f0,0x00000006d4600000)
 Metaspace       used 46769K, capacity 47347K, committed 48000K, reserved 1091584K
  class space    used 6459K, capacity 6685K, committed 6784K, reserved 1048576K
Event: 22.445 GC heap after
Heap after GC invocations=15 (full 3):
 PSYoungGen      total 951808K, used 41249K [0x000000076b180000, 0x00000007afe00000, 0x00000007c0000000)
  eden space 882176K, 0% used [0x000000076b180000,0x000000076b180000,0x00000007a0f00000)
  from space 69632K, 59% used [0x00000007a5280000,0x00000007a7ac8788,0x00000007a9680000)
  to   space 69120K, 0% used [0x00000007a0f00000,0x00000007a0f00000,0x00000007a5280000)
 ParOldGen       total 313344K, used 146256K [0x00000006c1400000, 0x00000006d4600000, 0x000000076b180000)
  object space 313344K, 46% used [0x00000006c1400000,0x00000006ca2d41f0,0x00000006d4600000)
 Metaspace       used 46769K, capacity 47347K, committed 48000K, reserved 1091584K
  class space    used 6459K, capacity 6685K, committed 6784K, reserved 1048576K
}
Event: 26.115 GC heap before
{Heap before GC invocations=16 (full 3):
 PSYoungGen      total 951808K, used 923425K [0x000000076b180000, 0x00000007afe00000, 0x00000007c0000000)
  eden space 882176K, 100% used [0x000000076b180000,0x00000007a0f00000,0x00000007a0f00000)
  from space 69632K, 59% used [0x00000007a5280000,0x00000007a7ac8788,0x00000007a9680000)
  to   space 69120K, 0% used [0x00000007a0f00000,0x00000007a0f00000,0x00000007a5280000)
 ParOldGen       total 313344K, used 146256K [0x00000006c1400000, 0x00000006d4600000, 0x000000076b180000)
  object space 313344K, 46% used [0x00000006c1400000,0x00000006ca2d41f0,0x00000006d4600000)
 Metaspace       used 54894K, capacity 55379K, committed 55808K, reserved 1097728K
  class space    used 7483K, capacity 7675K, committed 7680K, reserved 1048576K
Event: 26.151 GC heap after
Heap after GC invocations=16 (full 3):
 PSYoungGen      total 951296K, used 56441K [0x000000076b180000, 0x00000007b7880000, 0x00000007c0000000)
  eden space 882176K, 0% used [0x000000076b180000,0x000000076b180000,0x00000007a0f00000)
  from space 69120K, 81% used [0x00000007a0f00000,0x00000007a461e620,0x00000007a5280000)
  to   space 74752K, 0% used [0x00000007b2f80000,0x00000007b2f80000,0x00000007b7880000)
 ParOldGen       total 313344K, used 146264K [0x00000006c1400000, 0x00000006d4600000, 0x000000076b180000)
  object space 313344K, 46% used [0x00000006c1400000,0x00000006ca2d61f0,0x00000006d4600000)
 Metaspace       used 54894K, capacity 55379K, committed 55808K, reserved 1097728K
  class space    used 7483K, capacity 7675K, committed 7680K, reserved 1048576K
}
Event: 40.236 GC heap before
{Heap before GC invocations=17 (full 3):
 PSYoungGen      total 951296K, used 938617K [0x000000076b180000, 0x00000007b7880000, 0x00000007c0000000)
  eden space 882176K, 100% used [0x000000076b180000,0x00000007a0f00000,0x00000007a0f00000)
  from space 69120K, 81% used [0x00000007a0f00000,0x00000007a461e620,0x00000007a5280000)
  to   space 74752K, 0% used [0x00000007b2f80000,0x00000007b2f80000,0x00000007b7880000)
 ParOldGen       total 313344K, used 146264K [0x00000006c1400000, 0x00000006d4600000, 0x000000076b180000)
  object space 313344K, 46% used [0x00000006c1400000,0x00000006ca2d61f0,0x00000006d4600000)
 Metaspace       used 56585K, capacity 57153K, committed 57728K, reserved 1099776K
  class space    used 7616K, capacity 7784K, committed 7808K, reserved 1048576K
Event: 40.308 GC heap after
Heap after GC invocations=17 (full 3):
 PSYoungGen      total 1154048K, used 74738K [0x000000076b180000, 0x00000007b8680000, 0x00000007c0000000)
  eden space 1079296K, 0% used [0x000000076b180000,0x000000076b180000,0x00000007acf80000)
  from space 74752K, 99% used [0x00000007b2f80000,0x00000007b787cb70,0x00000007b7880000)
  to   space 93696K, 0% used [0x00000007acf80000,0x00000007acf80000,0x00000007b2b00000)
 ParOldGen       total 313344K, used 169167K [0x00000006c1400000, 0x00000006d4600000, 0x000000076b180000)
  object space 313344K, 53% used [0x00000006c1400000,0x00000006cb933c28,0x00000006d4600000)
 Metaspace       used 56585K, capacity 57153K, committed 57728K, reserved 1099776K
  class space    used 7616K, capacity 7784K, committed 7808K, reserved 1048576K
}

Deoptimization events (10 events):
Event: 43.518 Thread 0x0000000004515000 Uncommon trap: reason=class_check action=maybe_recompile pc=0x0000000004b8aaa0 method=net.minecraftforge.client.model.MultiModelState.apply(Ljava/util/Optional;)Ljava/util/Optional; @ 121
Event: 43.518 Thread 0x0000000004515000 Uncommon trap: reason=class_check action=maybe_recompile pc=0x0000000004b8aaa0 method=net.minecraftforge.client.model.MultiModelState.apply(Ljava/util/Optional;)Ljava/util/Optional; @ 121
Event: 43.986 Thread 0x0000000004515000 Uncommon trap: reason=unstable_if action=reinterpret pc=0x0000000005c73de4 method=java.util.IdentityHashMap$IdentityHashMapIterator.hasNext()Z @ 13
Event: 44.154 Thread 0x0000000004515000 Uncommon trap: reason=unstable_if action=reinterpret pc=0x0000000005bd2db8 method=net.minecraft.client.renderer.texture.TextureUtil.setTextureBlurMipmap(ZZ)V @ 48
Event: 44.469 Thread 0x0000000004515000 Uncommon trap: reason=null_check action=make_not_entrant pc=0x0000000005ca933c method=net.minecraft.client.renderer.block.model.ModelManager.getModel(Lnet/minecraft/client/renderer/block/model/ModelResourceLocation;)Lnet/minecraft/client/renderer/block/mo
Event: 44.681 Thread 0x0000000004515000 Uncommon trap: reason=unstable_if action=reinterpret pc=0x0000000005bcdbcc method=net.minecraft.client.renderer.texture.TextureUtil.setTextureBlurMipmap(ZZ)V @ 48
Event: 44.694 Thread 0x0000000004515000 Uncommon trap: reason=unstable_if action=reinterpret pc=0x00000000059beca4 method=java.lang.Long.getChars(JI[C)V @ 24
Event: 44.696 Thread 0x0000000004515000 Uncommon trap: reason=unstable_if action=reinterpret pc=0x00000000059c57c4 method=com.google.common.collect.ImmutableList.copyOf(Ljava/util/Collection;)Lcom/google/common/collect/ImmutableList; @ 4
Event: 44.703 Thread 0x0000000004515000 Uncommon trap: reason=unstable_if action=reinterpret pc=0x0000000004e31268 method=java.lang.String.concat(Ljava/lang/String;)Ljava/lang/String; @ 6
Event: 44.710 Thread 0x0000000004515000 Uncommon trap: reason=bimorphic action=maybe_recompile pc=0x0000000005c23cac method=java.util.AbstractQueue.add(Ljava/lang/Object;)Z @ 2

Internal exceptions (10 events):
Event: 42.423 Thread 0x0000000004515000 Exception <a 'java/lang/NullPointerException'> (0x000000077d415f58) thrown at [C:\re\workspace\8-2-build-windows-amd64-cygwin\jdk8u111\7883\hotspot\src\share\vm\runtime\sharedRuntime.cpp, line 1085]
Event: 44.216 Thread 0x0000000004515000 Exception <a 'java/lang/NullPointerException'> (0x000000079876e228) thrown at [C:\re\workspace\8-2-build-windows-amd64-cygwin\jdk8u111\7883\hotspot\src\share\vm\runtime\sharedRuntime.cpp, line 1085]
Event: 44.232 Thread 0x0000000004515000 Exception <a 'java/lang/NullPointerException'> (0x0000000798aed6e8) thrown at [C:\re\workspace\8-2-build-windows-amd64-cygwin\jdk8u111\7883\hotspot\src\share\vm\runtime\sharedRuntime.cpp, line 1085]
Event: 44.609 Thread 0x0000000004515000 Exception <a 'java/lang/NullPointerException'> (0x000000079c63a270) thrown at [C:\re\workspace\8-2-build-windows-amd64-cygwin\jdk8u111\7883\hotspot\src\share\vm\runtime\sharedRuntime.cpp, line 1085]
Event: 44.691 Thread 0x0000000004515000 Exception <a 'java/lang/NullPointerException'> (0x000000079f0b6300) thrown at [C:\re\workspace\8-2-build-windows-amd64-cygwin\jdk8u111\7883\hotspot\src\share\vm\runtime\sharedRuntime.cpp, line 1085]
Event: 44.694 Thread 0x0000000004515000 Exception <a 'java/lang/OutOfMemoryError'> (0x000000079f20f918) thrown at [C:\re\workspace\8-2-build-windows-amd64-cygwin\jdk8u111\7883\hotspot\src\share\vm\prims\unsafe.cpp, line 634]
Event: 44.694 Thread 0x0000000004515000 Exception <a 'java/lang/OutOfMemoryError'> (0x000000079f20f918) thrown at [C:\re\workspace\8-2-build-windows-amd64-cygwin\jdk8u111\7883\hotspot\src\share\vm\oops\instanceKlass.cpp, line 964]
Event: 44.696 Thread 0x0000000004515000 Exception <a 'java/lang/NullPointerException'> (0x000000079f21c9c0) thrown at [C:\re\workspace\8-2-build-windows-amd64-cygwin\jdk8u111\7883\hotspot\src\share\vm\runtime\sharedRuntime.cpp, line 1085]
Event: 44.696 Thread 0x0000000004515000 Implicit null exception at 0x0000000004dd4853 to 0x0000000004dd5df5
Event: 44.696 Thread 0x0000000004515000 Exception <a 'java/lang/NullPointerException'> (0x000000079f21fe10) thrown at [C:\re\workspace\8-2-build-windows-amd64-cygwin\jdk8u111\7883\hotspot\src\share\vm\runtime\sharedRuntime.cpp, line 605]

Events (10 events):
Event: 44.705 loading class com/google/common/collect/Streams$1 done
Event: 44.706 loading class java/util/Spliterators$AbstractSpliterator
Event: 44.707 loading class java/util/Spliterators$AbstractSpliterator done
Event: 44.709 loading class java/lang/Throwable$WrappedPrintWriter
Event: 44.710 loading class java/lang/Throwable$PrintStreamOrWriter
Event: 44.710 loading class java/lang/Throwable$PrintStreamOrWriter done
Event: 44.710 loading class java/lang/Throwable$WrappedPrintWriter done
Event: 44.710 Thread 0x0000000004515000 Uncommon trap: trap_request=0xffffffc6 fr.pc=0x0000000005c23cac
Event: 44.710 Thread 0x0000000004515000 DEOPT PACKING pc=0x0000000005c23cac sp=0x000000000450d8e0
Event: 44.710 Thread 0x0000000004515000 DEOPT UNPACKING pc=0x000000000465582a sp=0x000000000450d890 mode 2


Dynamic libraries:
0x00007ff610250000 - 0x00007ff610287000 	C:\Program Files\Java\jre1.8.0_111\bin\javaw.exe
0x00007fff747d0000 - 0x00007fff749af000 	C:\WINDOWS\SYSTEM32\ntdll.dll
0x00007fff745e0000 - 0x00007fff7468c000 	C:\WINDOWS\System32\KERNEL32.DLL
0x00007fff71a30000 - 0x00007fff71c96000 	C:\WINDOWS\System32\KERNELBASE.dll
0x00007fff71d50000 - 0x00007fff71df1000 	C:\WINDOWS\System32\ADVAPI32.dll
0x00007fff72a70000 - 0x00007fff72b0d000 	C:\WINDOWS\System32\msvcrt.dll
0x00007fff744e0000 - 0x00007fff7453b000 	C:\WINDOWS\System32\sechost.dll
0x00007fff72120000 - 0x00007fff72241000 	C:\WINDOWS\System32\RPCRT4.dll
0x00007fff72790000 - 0x00007fff7291e000 	C:\WINDOWS\System32\USER32.dll
0x00007fff71210000 - 0x00007fff71230000 	C:\WINDOWS\System32\win32u.dll
0x00007fff74710000 - 0x00007fff74739000 	C:\WINDOWS\System32\GDI32.dll
0x00007fff70c60000 - 0x00007fff70dec000 	C:\WINDOWS\System32\gdi32full.dll
0x00007fff70f40000 - 0x00007fff70fdb000 	C:\WINDOWS\System32\msvcp_win.dll
0x00007fff70df0000 - 0x00007fff70ee5000 	C:\WINDOWS\System32\ucrtbase.dll
0x00007fff62e40000 - 0x00007fff630a9000 	C:\WINDOWS\WinSxS\amd64_microsoft.windows.common-controls_6595b64144ccf1df_6.0.16257.1_none_fd91a690f3d6239c\COMCTL32.dll
0x00007fff73f80000 - 0x00007fff7427f000 	C:\WINDOWS\System32\combase.dll
0x00007fff70be0000 - 0x00007fff70c52000 	C:\WINDOWS\System32\bcryptPrimitives.dll
0x00007fff73f50000 - 0x00007fff73f7d000 	C:\WINDOWS\System32\IMM32.DLL
0x000000006d4b0000 - 0x000000006d582000 	C:\Program Files\Java\jre1.8.0_111\bin\msvcr100.dll
0x000000006c4b0000 - 0x000000006cd4a000 	C:\Program Files\Java\jre1.8.0_111\bin\server\jvm.dll
0x00007fff74280000 - 0x00007fff74288000 	C:\WINDOWS\System32\PSAPI.DLL
0x00007fff646e0000 - 0x00007fff646e9000 	C:\WINDOWS\SYSTEM32\WSOCK32.dll
0x00007fff66ff0000 - 0x00007fff67013000 	C:\WINDOWS\SYSTEM32\WINMM.dll
0x00007fff746a0000 - 0x00007fff7470c000 	C:\WINDOWS\System32\WS2_32.dll
0x00007fff6ca90000 - 0x00007fff6ca9a000 	C:\WINDOWS\SYSTEM32\VERSION.dll
0x00007fff66e20000 - 0x00007fff66e4a000 	C:\WINDOWS\SYSTEM32\WINMMBASE.dll
0x00007fff70ef0000 - 0x00007fff70f3a000 	C:\WINDOWS\System32\cfgmgr32.dll
0x000000006d4a0000 - 0x000000006d4af000 	C:\Program Files\Java\jre1.8.0_111\bin\verify.dll
0x000000006d470000 - 0x000000006d499000 	C:\Program Files\Java\jre1.8.0_111\bin\java.dll
0x000000006d450000 - 0x000000006d466000 	C:\Program Files\Java\jre1.8.0_111\bin\zip.dll
0x00007fff72b10000 - 0x00007fff73f43000 	C:\WINDOWS\System32\SHELL32.dll
0x00007fff71ca0000 - 0x00007fff71d46000 	C:\WINDOWS\System32\shcore.dll
0x00007fff712e0000 - 0x00007fff71a2f000 	C:\WINDOWS\System32\windows.storage.dll
0x00007fff74740000 - 0x00007fff74791000 	C:\WINDOWS\System32\shlwapi.dll
0x00007fff70bc0000 - 0x00007fff70bd1000 	C:\WINDOWS\System32\kernel.appcore.dll
0x00007fff70b70000 - 0x00007fff70bbc000 	C:\WINDOWS\System32\powrprof.dll
0x00007fff70b50000 - 0x00007fff70b6b000 	C:\WINDOWS\System32\profapi.dll
0x000000006b410000 - 0x000000006b41d000 	C:\Program Files\Java\jre1.8.0_111\bin\management.dll
0x00007fff70580000 - 0x00007fff70597000 	C:\WINDOWS\SYSTEM32\CRYPTSP.dll
0x00007fff6ffd0000 - 0x00007fff70003000 	C:\WINDOWS\system32\rsaenh.dll
0x00007fff70690000 - 0x00007fff706b5000 	C:\WINDOWS\SYSTEM32\bcrypt.dll
0x00007fff70a60000 - 0x00007fff70a89000 	C:\WINDOWS\SYSTEM32\USERENV.dll
0x00007fff705a0000 - 0x00007fff705ab000 	C:\WINDOWS\SYSTEM32\CRYPTBASE.dll
0x000000006d430000 - 0x000000006d44a000 	C:\Program Files\Java\jre1.8.0_111\bin\net.dll
0x00007fff703c0000 - 0x00007fff70426000 	C:\WINDOWS\system32\mswsock.dll
0x00007fff70150000 - 0x00007fff70189000 	C:\WINDOWS\SYSTEM32\IPHLPAPI.DLL
0x00007fff74690000 - 0x00007fff74698000 	C:\WINDOWS\System32\NSI.dll
0x00007fff6d100000 - 0x00007fff6d116000 	C:\WINDOWS\SYSTEM32\dhcpcsvc6.DLL
0x00007fff6cfa0000 - 0x00007fff6cfba000 	C:\WINDOWS\SYSTEM32\dhcpcsvc.DLL
0x000000006d410000 - 0x000000006d421000 	C:\Program Files\Java\jre1.8.0_111\bin\nio.dll
0x00007fff6d120000 - 0x00007fff6d12a000 	C:\Users\haloh\AppData\Local\Temp\jansi-64-2535872031896412596.dll
0x00007fff5be40000 - 0x00007fff5be56000 	C:\WINDOWS\system32\napinsp.dll
0x00007fff5be20000 - 0x00007fff5be3a000 	C:\WINDOWS\system32\pnrpnsp.dll
0x00007fff6e710000 - 0x00007fff6e728000 	C:\WINDOWS\system32\NLAapi.dll
0x00007fff70190000 - 0x00007fff70246000 	C:\WINDOWS\SYSTEM32\DNSAPI.dll
0x00007fff64830000 - 0x00007fff6483e000 	C:\WINDOWS\System32\winrnr.dll
0x00007fff5b310000 - 0x00007fff5b325000 	C:\WINDOWS\System32\wshbth.dll
0x000000006e470000 - 0x000000006e496000 	C:\Program Files\Bonjour\mdnsNSP.dll
0x00007fff6b600000 - 0x00007fff6b60a000 	C:\Windows\System32\rasadhlp.dll
0x00007fff6b830000 - 0x00007fff6b8a0000 	C:\WINDOWS\System32\fwpuclnt.dll
0x00007fff6b3f0000 - 0x00007fff6b3fa000 	C:\Users\haloh\AppData\Local\Temp\jansi-64-8442261174985669313.dll
0x0000000180000000 - 0x0000000180053000 	C:\Users\haloh\.gradle\caches\minecraft\net\minecraft\natives\1.12.2\lwjgl64.dll
0x00007fff57340000 - 0x00007fff5745e000 	C:\WINDOWS\SYSTEM32\OPENGL32.dll
0x00007fff69290000 - 0x00007fff692bc000 	C:\WINDOWS\SYSTEM32\GLU32.dll
0x000000006b5e0000 - 0x000000006b778000 	C:\Program Files\Java\jre1.8.0_111\bin\awt.dll
0x00007fff72250000 - 0x00007fff72315000 	C:\WINDOWS\System32\OLEAUT32.dll
0x00007fff6eee0000 - 0x00007fff6ef61000 	C:\WINDOWS\SYSTEM32\apphelp.dll
0x00007fff6f010000 - 0x00007fff6f0a5000 	C:\WINDOWS\system32\uxtheme.dll
0x00007fff71e00000 - 0x00007fff71f6b000 	C:\WINDOWS\System32\MSCTF.dll
0x00007fff42cd0000 - 0x00007fff42d78000 	C:\Program Files\Common Files\microsoft shared\ink\tiptsf.dll
0x00007fff6f2d0000 - 0x00007fff6f2fa000 	C:\WINDOWS\system32\dwmapi.dll
0x00007fff67f70000 - 0x00007fff68009000 	C:\WINDOWS\System32\TextInputFramework.dll
0x00007fff57050000 - 0x00007fff5733c000 	C:\WINDOWS\System32\CoreUIComponents.dll
0x00007fff6e590000 - 0x00007fff6e66a000 	C:\WINDOWS\System32\CoreMessaging.dll
0x00007fff6fe10000 - 0x00007fff6fe41000 	C:\WINDOWS\SYSTEM32\ntmarta.dll
0x00007fff6cfc0000 - 0x00007fff6d0f6000 	C:\WINDOWS\SYSTEM32\wintypes.dll
0x00000000691a0000 - 0x000000006b409000 	C:\WINDOWS\SYSTEM32\nvoglv64.DLL
0x00007fff72340000 - 0x00007fff7278a000 	C:\WINDOWS\System32\SETUPAPI.dll
0x00007fff6d140000 - 0x00007fff6d153000 	C:\WINDOWS\SYSTEM32\WTSAPI32.dll
0x00007fff707b0000 - 0x00007fff707d7000 	C:\WINDOWS\SYSTEM32\DEVOBJ.dll
0x00007fff70fe0000 - 0x00007fff71038000 	C:\WINDOWS\System32\WINTRUST.dll
0x00007fff70b30000 - 0x00007fff70b42000 	C:\WINDOWS\System32\MSASN1.dll
0x00007fff71040000 - 0x00007fff7120e000 	C:\WINDOWS\System32\CRYPT32.dll
0x00007fff5bc40000 - 0x00007fff5be17000 	C:\WINDOWS\system32\nvspcap64.dll
0x00007fff72920000 - 0x00007fff72a69000 	C:\WINDOWS\System32\ole32.dll
0x00007fff6bfe0000 - 0x00007fff6c0c1000 	C:\WINDOWS\SYSTEM32\WINHTTP.dll
0x00007fff6ade0000 - 0x00007fff6ae76000 	C:\WINDOWS\SYSTEM32\mscms.dll
0x00007fff4f010000 - 0x00007fff4f051000 	C:\WINDOWS\SYSTEM32\icm32.dll
0x00007fff74540000 - 0x00007fff745de000 	C:\WINDOWS\System32\clbcatq.dll
0x00007fff57890000 - 0x00007fff57a9d000 	C:\Windows\System32\uiautomationcore.dll
0x00007fff70990000 - 0x00007fff70a2a000 	C:\WINDOWS\SYSTEM32\sxs.dll
0x00007fff67020000 - 0x00007fff6708e000 	C:\Windows\System32\OLEACC.dll
0x00007fff6fbd0000 - 0x00007fff6fc25000 	C:\WINDOWS\SYSTEM32\WINSTA.dll
0x00007fff6f8d0000 - 0x00007fff6f97d000 	C:\WINDOWS\system32\dxgi.dll
0x00007fff6e2b0000 - 0x00007fff6e58b000 	C:\WINDOWS\system32\d3d11.dll
0x00007fff457c0000 - 0x00007fff458a1000 	C:\WINDOWS\System32\DriverStore\FileRepository\nvlti.inf_amd64_c0fc5649d3139cf5\nvldumdx.dll
0x00007fff72320000 - 0x00007fff7233d000 	C:\WINDOWS\System32\imagehlp.dll
0x00007fff13b80000 - 0x00007fff15501000 	C:\WINDOWS\System32\DriverStore\FileRepository\nvlti.inf_amd64_c0fc5649d3139cf5\nvwgf2umx.dll
0x00007fff5bf40000 - 0x00007fff5c37f000 	C:\WINDOWS\system32\nvapi64.dll
0x00007fff6e740000 - 0x00007fff6e881000 	C:\WINDOWS\SYSTEM32\dcomp.dll
0x00007fff5b7e0000 - 0x00007fff5b822000 	C:\Users\haloh\AppData\Local\Temp\jna-99043244\jna1230260992820292750.dll
0x000000006b4a0000 - 0x000000006b4c4000 	C:\Program Files\Java\jre1.8.0_111\bin\sunec.dll
0x000000006b490000 - 0x000000006b49b000 	C:\Program Files\Java\jre1.8.0_111\bin\sunmscapi.dll
0x0000000031450000 - 0x00000000314b4000 	C:\Users\haloh\.gradle\caches\minecraft\net\minecraft\natives\1.12.2\OpenAL64.dll
0x00007fff6c300000 - 0x00007fff6c36f000 	C:\WINDOWS\System32\MMDevApi.dll
0x00007fff6bb70000 - 0x00007fff6bd21000 	C:\WINDOWS\System32\PROPSYS.dll
0x00007fff3c250000 - 0x00007fff3c2df000 	C:\WINDOWS\SYSTEM32\dsound.dll
0x00007fff59080000 - 0x00007fff591a1000 	C:\WINDOWS\SYSTEM32\AUDIOSES.DLL
0x00007fff68fd0000 - 0x00007fff68fda000 	C:\WINDOWS\SYSTEM32\AVRT.dll

VM Arguments:
jvm_args: -DFORGE_FORCE_FRAME_RECALC=true -Dfile.encoding=Cp1252 
java_command: GradleStart -Xmx 4G -Xms2G --username AnDwHaT5
java_class_path (initial): C:\Users\haloh\Development\Pixelmon Sidemods\AGP\AGP Development\bin;C:\Users\haloh\.gradle\caches\modules-2\files-2.1\com.zaxxer\HikariCP\2.5.1\b896b711e2d98fedf403de590559a123b5fbf1a6\HikariCP-2.5.1.jar;C:\Users\haloh\.gradle\caches\modules-2\files-2.1\org.slf4j\slf4j-api\1.7.21\139535a69a4239db087de9bab0bee568bf8e0b70\slf4j-api-1.7.21.jar;C:\Users\haloh\Development\Pixelmon Sidemods\AGP\AGP Development\.gradle\minecraft\forgeSrc-1.12.2-14.23.1.2555-PROJECT(AGP Development).jar;C:\Users\haloh\.gradle\caches\modules-2\files-2.1\com.google.code.findbugs\jsr305\3.0.1\f7be08ec23c21485b9b5a1cf1654c2ec8c58168d\jsr305-3.0.1.jar;C:\Users\haloh\.gradle\caches\modules-2\files-2.1\com.mojang\patchy\1.1\aef610b34a1be37fa851825f12372b78424d8903\patchy-1.1.jar;C:\Users\haloh\.gradle\caches\modules-2\files-2.1\oshi-project\oshi-core\1.1\9ddf7b048a8d701be231c0f4f95fd986198fd2d8\oshi-core-1.1.jar;C:\Users\haloh\.gradle\caches\modules-2\files-2.1\net.java.dev.jna\jna\4.4.0\cb208278274bf12ebdb56c61bd7407e6f774d65a\jna-4.4.0.jar;C:\Users\haloh\.gradle\caches\modules-2\files-2.1\net.java.dev.jna\platform\3.4.0\e3f70017be8100d3d6923f50b3d2ee17714e9c13\platform-3.4.0.jar;C:\Users\haloh\.gradle\caches\modules-2\files-2.1\com.ibm.icu\icu4j-core-mojang\51.2\63d216a9311cca6be337c1e458e587f99d382b84\icu4j-core-mojang-51.2.jar;C:\Users\haloh\.gradle\caches\modules-2\files-2.1\net.sf.jopt-simple\jopt-simple\5.0.3\cdd846cfc4e0f7eefafc02c0f5dce32b9303aa2a\jopt-simple-5.0.3.jar;C:\Users\haloh\.gradle\caches\modules-2\files-2.1\io.netty\netty-all\4.1.9.Final\97860965d6a0a6b98e7f569f3f966727b8db75\netty-all-4.1.9.Final.jar;C:\Users\haloh\.gradle\caches\modules-2\files-2.1\com.google.guava\guava\21.0\3a3d111be1be1b745edfa7d91678a12d7ed38709\guava-21.0.jar;C:\Users\haloh\.gradle\caches\modules-2\files-2.1\org.apache.commons\commons-lang3\3.5\6c6c702c89bfff3cd9e80b04d668c5e190d588c6\commons-lang3-3.5.jar;C:\Users\haloh\.gradle\caches\modules-2\files-2.1\commons-io\commons-
Launcher Type: SUN_STANDARD

Environment Variables:
PATH=C:/Program Files/Java/jre1.8.0_111/bin/server;C:/Program Files/Java/jre1.8.0_111/bin;C:/Program Files/Java/jre1.8.0_111/lib/amd64;c:\programdata\oracle\java\javapath;c:\windows\system32;c:\windows;c:\windows\system32\wbem;c:\windows\system32\windowspowershell\v1.0\;c:\program files\microsoft sql server\120\tools\binn\;c:\program files\microsoft sql server\130\tools\binn\;c:\program files\git\cmd;c:\program files\worldpainter;c:\program files\tortoisegit\bin;c:\program files\gradle-3.4\bin;c:\program files\intel\wifi\bin\;c:\program files\common files\intel\wirelesscommon\;c:\program files (x86)\skype\phone\;c:\program files (x86)\openssh\bin;c:\program files (x86)\bitvise ssh client;C:\Program Files (x86)\NVIDIA Corporation\PhysX\Common;C:\WINDOWS\system32;C:\WINDOWS;C:\WINDOWS\System32\Wbem;C:\WINDOWS\System32\WindowsPowerShell\v1.0\;C:\Users\haloh\AppData\Local\Microsoft\WindowsApps;C:\Program Files\Intel\WiFi\bin\;C:\Program Files\Common Files\Intel\WirelessCommon\;;C:\WINDOWS\System32;
USERNAME=haloh
OS=Windows_NT
PROCESSOR_IDENTIFIER=Intel64 Family 6 Model 60 Stepping 3, GenuineIntel



---------------  S Y S T E M  ---------------

OS: Windows 10.0 , 64 bit Build 16257 (10.0.16257.1)

CPU:total 8 (4 cores per cpu, 2 threads per core) family 6 model 60 stepping 3, cmov, cx8, fxsr, mmx, sse, sse2, sse3, ssse3, sse4.1, sse4.2, popcnt, avx, avx2, aes, clmul, erms, lzcnt, ht, tsc, tscinvbit, bmi1, bmi2

Memory: 4k page, physical 16691564k(4166056k free), swap 21606200k(4280k free)

vm_info: Java HotSpot(TM) 64-Bit Server VM (25.111-b14) for windows-amd64 JRE (1.8.0_111-b14), built on Sep 22 2016 19:24:05 by "java_re" with MS VC++ 10.0 (VS2010)

time: Fri Jan 05 02:34:15 2018
elapsed time: 44 seconds (0d 0h 0m 44s)

